<?xml version="1.0" encoding="UTF-8"?>
<!-- Generated by org.testng.reporters.JUnitReportReporter -->
<testsuite hostname="LAPTOP-FUN2M76R" failures="0" tests="4" name="test.Text_box_test" time="2.522" errors="0" timestamp="2025-01-09T13:17:53 IST" skipped="0">
  <testcase classname="test.Text_box_test" name="clickAtClose" time="0.245"/>
  <testcase classname="test.Text_box_test" name="clickAtPractice" time="1.913"/>
  <testcase classname="test.Text_box_test" name="clickAtElement" time="0.192"/>
  <testcase classname="test.Text_box_test" name="clickAtBox" time="0.172"/>
</testsuite> <!-- test.Text_box_test -->
